#
# There is insufficient memory for the Java Runtime Environment to continue.
# Native memory allocation (malloc) failed to allocate 32744 bytes for ChunkPool::allocate
# Possible reasons:
#   The system is out of physical RAM or swap space
#   The process is running with CompressedOops enabled, and the Java Heap may be blocking the growth of the native heap
# Possible solutions:
#   Reduce memory load on the system
#   Increase physical memory or swap space
#   Check if swap backing store is full
#   Decrease Java heap size (-Xmx/-Xms)
#   Decrease number of Java threads
#   Decrease Java thread stack sizes (-Xss)
#   Set larger code cache with -XX:ReservedCodeCacheSize=
#   JVM is running with Unscaled Compressed Oops mode in which the Java heap is
#     placed in the first 4GB address space. The Java Heap base address is the
#     maximum limit for the native heap growth. Please use -XX:HeapBaseMinAddress
#     to set the Java Heap base and to place the Java Heap above 4GB virtual address.
# This output file may be truncated or incomplete.
#
#  Out of Memory Error (allocation.cpp:272), pid=8404, tid=0x00000000000023d4
#
# JRE version: Java(TM) SE Runtime Environment (8.0_221-b11) (build 1.8.0_221-b11)
# Java VM: Java HotSpot(TM) 64-Bit Server VM (25.221-b11 mixed mode windows-amd64 compressed oops)
# Failed to write core dump. Minidumps are not enabled by default on client versions of Windows
#

---------------  T H R E A D  ---------------

Current thread (0x0000000013b36000):  JavaThread "C2 CompilerThread1" daemon [_thread_in_native, id=9172, stack(0x0000000015290000,0x0000000015390000)]

Stack: [0x0000000015290000,0x0000000015390000]
[error occurred during error reporting (printing stack bounds), id 0xc0000005]

Native frames: (J=compiled Java code, j=interpreted, Vv=VM code, C=native code)


Current CompileTask:
C2:  34769 1861   !   4       java.net.URLClassLoader$1::run (63 bytes)


---------------  P R O C E S S  ---------------

Java Threads: ( => current thread )
  0x000000001707d800 JavaThread "Cache worker for file hash cache (C:\Users\cabeca\insta\android\.gradle\5.5\fileHashes)" [_thread_blocked, id=5960, stack(0x000000001aca0000,0x000000001ada0000)]
  0x0000000017084800 JavaThread "Cache worker for journal cache (C:\Users\cabeca\.gradle\caches\journal-1)" [_thread_blocked, id=7732, stack(0x0000000018700000,0x0000000018800000)]
  0x000000001707e000 JavaThread "File lock request listener" [_thread_in_native, id=8808, stack(0x0000000018600000,0x0000000018700000)]
  0x0000000017081000 JavaThread "Cache worker for file hash cache (C:\Users\cabeca\.gradle\caches\5.5\fileHashes)" [_thread_blocked, id=5688, stack(0x0000000018500000,0x0000000018600000)]
  0x0000000016dd5800 JavaThread "Thread-9" [_thread_blocked, id=3428, stack(0x0000000018400000,0x0000000018500000)]
  0x0000000016dc2800 JavaThread "Stdin handler" [_thread_blocked, id=2848, stack(0x0000000018300000,0x0000000018400000)]
  0x0000000016dd3000 JavaThread "Asynchronous log dispatcher for DefaultDaemonConnection: socket connection from /127.0.0.1:51012 to /127.0.0.1:51013" [_thread_blocked, id=2024, stack(0x0000000018200000,0x0000000018300000)]
  0x00000000165a3800 JavaThread "Daemon worker" [_thread_in_native, id=5112, stack(0x0000000018100000,0x0000000018200000)]
  0x0000000016561000 JavaThread "Cancel handler" [_thread_blocked, id=8028, stack(0x0000000018000000,0x0000000018100000)]
  0x000000001655f000 JavaThread "Handler for socket connection from /127.0.0.1:51012 to /127.0.0.1:51013" [_thread_in_native, id=8176, stack(0x0000000017d00000,0x0000000017e00000)]
  0x00000000154bc000 JavaThread "Daemon" [_thread_blocked, id=1336, stack(0x0000000017c00000,0x0000000017d00000)]
  0x0000000016855800 JavaThread "Daemon periodic checks" [_thread_blocked, id=7696, stack(0x0000000017b00000,0x0000000017c00000)]
  0x000000001602f800 JavaThread "Incoming local TCP Connector on port 51012" [_thread_in_native, id=4344, stack(0x0000000017a00000,0x0000000017b00000)]
  0x0000000016bc0000 JavaThread "Daemon health stats" [_thread_blocked, id=3336, stack(0x00000000173c0000,0x00000000174c0000)]
  0x0000000013b8d800 JavaThread "Service Thread" daemon [_thread_blocked, id=7176, stack(0x0000000015890000,0x0000000015990000)]
  0x0000000013b54000 JavaThread "C1 CompilerThread2" daemon [_thread_blocked, id=2252, stack(0x0000000015390000,0x0000000015490000)]
=>0x0000000013b36000 JavaThread "C2 CompilerThread1" daemon [_thread_in_native, id=9172, stack(0x0000000015290000,0x0000000015390000)]
  0x0000000013b2f800 JavaThread "C2 CompilerThread0" daemon [_thread_in_native, id=2408, stack(0x0000000015190000,0x0000000015290000)]
  0x0000000013b2d800 JavaThread "Attach Listener" daemon [_thread_blocked, id=4016, stack(0x0000000015090000,0x0000000015190000)]
  0x0000000013b2c000 JavaThread "Signal Dispatcher" daemon [_thread_blocked, id=4888, stack(0x0000000014f90000,0x0000000015090000)]
  0x00000000027ba800 JavaThread "Finalizer" daemon [_thread_blocked, id=6060, stack(0x0000000014d80000,0x0000000014e80000)]
  0x00000000027b1800 JavaThread "Reference Handler" daemon [_thread_blocked, id=4860, stack(0x0000000014c80000,0x0000000014d80000)]
  0x0000000000c0e800 JavaThread "main" [_thread_blocked, id=8148, stack(0x00000000025c0000,0x00000000026c0000)]

Other Threads:
  0x0000000013af7000 VMThread [stack: 0x0000000014b80000,0x0000000014c80000] [id=4712]
  0x00000000154d4800 WatcherThread [stack: 0x0000000015af0000,0x0000000015bf0000] [id=8380]

VM state:not at safepoint (normal execution)

VM Mutex/Monitor currently owned by a thread: None

heap address: 0x00000000e0000000, size: 512 MB, Compressed Oops mode: 32-bit
Narrow klass base: 0x0000000000000000, Narrow klass shift: 3
Compressed class space size: 1073741824 Address: 0x0000000100000000

Heap:
 PSYoungGen      total 76288K, used 44112K [0x00000000f5580000, 0x00000000faa80000, 0x0000000100000000)
  eden space 65536K, 67% used [0x00000000f5580000,0x00000000f8094340,0x00000000f9580000)
  from space 10752K, 0% used [0x00000000f9580000,0x00000000f9580000,0x00000000fa000000)
  to   space 10752K, 0% used [0x00000000fa000000,0x00000000fa000000,0x00000000faa80000)
 ParOldGen       total 175104K, used 10739K [0x00000000e0000000, 0x00000000eab00000, 0x00000000f5580000)
  object space 175104K, 6% used [0x00000000e0000000,0x00000000e0a7ce20,0x00000000eab00000)
 Metaspace       used 26150K, capacity 26626K, committed 26752K, reserved 1073152K
  class space    used 3527K, capacity 3642K, committed 3712K, reserved 1048576K

Card table byte_map: [0x0000000011b80000,0x0000000011c90000] byte_map_base: 0x0000000011480000

Marking Bits: (ParMarkBitMap*) 0x000000005fa25ce0
 Begin Bits: [0x0000000012090000, 0x0000000012890000)
 End Bits:   [0x0000000012890000, 0x0000000013090000)

Polling page: 0x00000000007d0000

CodeCache: size=245760Kb used=7526Kb max_used=7526Kb free=238233Kb
 bounds [0x00000000027c0000, 0x0000000002f20000, 0x00000000117c0000]
 total_blobs=2574 nmethods=1910 adapters=577
 compilation: enabled

Compilation events (10 events):
Event: 33.714 Thread 0x0000000013b54000 2054       2       java.beans.FeatureDescriptor::<init> (137 bytes)
Event: 33.716 Thread 0x0000000013b54000 nmethod 2054 0x0000000002f1b750 code [0x0000000002f1b920, 0x0000000002f1c1b8]
Event: 33.724 Thread 0x0000000013b54000 2055       2       java.beans.FeatureDescriptor::setTransient (30 bytes)
Event: 33.726 Thread 0x0000000013b54000 nmethod 2055 0x0000000002f1c550 code [0x0000000002f1c720, 0x0000000002f1ca58]
Event: 33.726 Thread 0x0000000013b54000 2056       2       java.lang.Class::privateGetDeclaredFields (67 bytes)
Event: 33.727 Thread 0x0000000013b54000 nmethod 2056 0x0000000002f1cc10 code [0x0000000002f1cdc0, 0x0000000002f1d1a8]
Event: 33.727 Thread 0x0000000013b54000 2058       2       groovyjarjarasm.asm.Label::resolve (219 bytes)
Event: 33.729 Thread 0x0000000013b54000 nmethod 2058 0x0000000002f1d410 code [0x0000000002f1d5a0, 0x0000000002f1d990]
Event: 33.729 Thread 0x0000000013b54000 2057       2       groovyjarjarasm.asm.Label::<init> (5 bytes)
Event: 33.729 Thread 0x0000000013b54000 nmethod 2057 0x0000000002f1de90 code [0x0000000002f1dfe0, 0x0000000002f1e130]

GC Heap History (8 events):
Event: 23.492 GC heap before
{Heap before GC invocations=1 (full 0):
 PSYoungGen      total 76288K, used 65536K [0x00000000f5580000, 0x00000000faa80000, 0x0000000100000000)
  eden space 65536K, 100% used [0x00000000f5580000,0x00000000f9580000,0x00000000f9580000)
  from space 10752K, 0% used [0x00000000fa000000,0x00000000fa000000,0x00000000faa80000)
  to   space 10752K, 0% used [0x00000000f9580000,0x00000000f9580000,0x00000000fa000000)
 ParOldGen       total 175104K, used 0K [0x00000000e0000000, 0x00000000eab00000, 0x00000000f5580000)
  object space 175104K, 0% used [0x00000000e0000000,0x00000000e0000000,0x00000000eab00000)
 Metaspace       used 7836K, capacity 8170K, committed 8320K, reserved 1056768K
  class space    used 1030K, capacity 1113K, committed 1152K, reserved 1048576K
Event: 23.522 GC heap after
Heap after GC invocations=1 (full 0):
 PSYoungGen      total 76288K, used 6221K [0x00000000f5580000, 0x00000000faa80000, 0x0000000100000000)
  eden space 65536K, 0% used [0x00000000f5580000,0x00000000f5580000,0x00000000f9580000)
  from space 10752K, 57% used [0x00000000f9580000,0x00000000f9b934d0,0x00000000fa000000)
  to   space 10752K, 0% used [0x00000000fa000000,0x00000000fa000000,0x00000000faa80000)
 ParOldGen       total 175104K, used 16K [0x00000000e0000000, 0x00000000eab00000, 0x00000000f5580000)
  object space 175104K, 0% used [0x00000000e0000000,0x00000000e0004000,0x00000000eab00000)
 Metaspace       used 7836K, capacity 8170K, committed 8320K, reserved 1056768K
  class space    used 1030K, capacity 1113K, committed 1152K, reserved 1048576K
}
Event: 28.010 GC heap before
{Heap before GC invocations=2 (full 0):
 PSYoungGen      total 76288K, used 71757K [0x00000000f5580000, 0x00000000faa80000, 0x0000000100000000)
  eden space 65536K, 100% used [0x00000000f5580000,0x00000000f9580000,0x00000000f9580000)
  from space 10752K, 57% used [0x00000000f9580000,0x00000000f9b934d0,0x00000000fa000000)
  to   space 10752K, 0% used [0x00000000fa000000,0x00000000fa000000,0x00000000faa80000)
 ParOldGen       total 175104K, used 16K [0x00000000e0000000, 0x00000000eab00000, 0x00000000f5580000)
  object space 175104K, 0% used [0x00000000e0000000,0x00000000e0004000,0x00000000eab00000)
 Metaspace       used 14979K, capacity 15368K, committed 15616K, reserved 1062912K
  class space    used 2169K, capacity 2302K, committed 2304K, reserved 1048576K
Event: 28.047 GC heap after
Heap after GC invocations=2 (full 0):
 PSYoungGen      total 76288K, used 9752K [0x00000000f5580000, 0x00000000faa80000, 0x0000000100000000)
  eden space 65536K, 0% used [0x00000000f5580000,0x00000000f5580000,0x00000000f9580000)
  from space 10752K, 90% used [0x00000000fa000000,0x00000000fa9862a0,0x00000000faa80000)
  to   space 10752K, 0% used [0x00000000f9580000,0x00000000f9580000,0x00000000fa000000)
 ParOldGen       total 175104K, used 24K [0x00000000e0000000, 0x00000000eab00000, 0x00000000f5580000)
  object space 175104K, 0% used [0x00000000e0000000,0x00000000e0006000,0x00000000eab00000)
 Metaspace       used 14979K, capacity 15368K, committed 15616K, reserved 1062912K
  class space    used 2169K, capacity 2302K, committed 2304K, reserved 1048576K
}
Event: 31.049 GC heap before
{Heap before GC invocations=3 (full 0):
 PSYoungGen      total 76288K, used 63309K [0x00000000f5580000, 0x00000000faa80000, 0x0000000100000000)
  eden space 65536K, 81% used [0x00000000f5580000,0x00000000f89cd2a8,0x00000000f9580000)
  from space 10752K, 90% used [0x00000000fa000000,0x00000000fa9862a0,0x00000000faa80000)
  to   space 10752K, 0% used [0x00000000f9580000,0x00000000f9580000,0x00000000fa000000)
 ParOldGen       total 175104K, used 24K [0x00000000e0000000, 0x00000000eab00000, 0x00000000f5580000)
  object space 175104K, 0% used [0x00000000e0000000,0x00000000e0006000,0x00000000eab00000)
 Metaspace       used 20735K, capacity 21136K, committed 21248K, reserved 1067008K
  class space    used 2931K, capacity 3072K, committed 3072K, reserved 1048576K
Event: 31.077 GC heap after
Heap after GC invocations=3 (full 0):
 PSYoungGen      total 76288K, used 10751K [0x00000000f5580000, 0x00000000faa80000, 0x0000000100000000)
  eden space 65536K, 0% used [0x00000000f5580000,0x00000000f5580000,0x00000000f9580000)
  from space 10752K, 99% used [0x00000000f9580000,0x00000000f9ffffb8,0x00000000fa000000)
  to   space 10752K, 0% used [0x00000000fa000000,0x00000000fa000000,0x00000000faa80000)
 ParOldGen       total 175104K, used 298K [0x00000000e0000000, 0x00000000eab00000, 0x00000000f5580000)
  object space 175104K, 0% used [0x00000000e0000000,0x00000000e004a940,0x00000000eab00000)
 Metaspace       used 20735K, capacity 21136K, committed 21248K, reserved 1067008K
  class space    used 2931K, capacity 3072K, committed 3072K, reserved 1048576K
}
Event: 31.077 GC heap before
{Heap before GC invocations=4 (full 1):
 PSYoungGen      total 76288K, used 10751K [0x00000000f5580000, 0x00000000faa80000, 0x0000000100000000)
  eden space 65536K, 0% used [0x00000000f5580000,0x00000000f5580000,0x00000000f9580000)
  from space 10752K, 99% used [0x00000000f9580000,0x00000000f9ffffb8,0x00000000fa000000)
  to   space 10752K, 0% used [0x00000000fa000000,0x00000000fa000000,0x00000000faa80000)
 ParOldGen       total 175104K, used 298K [0x00000000e0000000, 0x00000000eab00000, 0x00000000f5580000)
  object space 175104K, 0% used [0x00000000e0000000,0x00000000e004a940,0x00000000eab00000)
 Metaspace       used 20735K, capacity 21136K, committed 21248K, reserved 1067008K
  class space    used 2931K, capacity 3072K, committed 3072K, reserved 1048576K
Event: 31.212 GC heap after
Heap after GC invocations=4 (full 1):
 PSYoungGen      total 76288K, used 0K [0x00000000f5580000, 0x00000000faa80000, 0x0000000100000000)
  eden space 65536K, 0% used [0x00000000f5580000,0x00000000f5580000,0x00000000f9580000)
  from space 10752K, 0% used [0x00000000f9580000,0x00000000f9580000,0x00000000fa000000)
  to   space 10752K, 0% used [0x00000000fa000000,0x00000000fa000000,0x00000000faa80000)
 ParOldGen       total 175104K, used 10739K [0x00000000e0000000, 0x00000000eab00000, 0x00000000f5580000)
  object space 175104K, 6% used [0x00000000e0000000,0x00000000e0a7ce20,0x00000000eab00000)
 Metaspace       used 20735K, capacity 21136K, committed 21248K, reserved 1067008K
  class space    used 2931K, capacity 3072K, committed 3072K, reserved 1048576K
}

Deoptimization events (10 events):
Event: 29.435 Thread 0x00000000165a3800 Uncommon trap: reason=unstable_if action=reinterpret pc=0x0000000002a38e40 method=java.net.URI.match(CJJ)Z @ 19
Event: 29.863 Thread 0x00000000165a3800 Uncommon trap: reason=unstable_if action=reinterpret pc=0x0000000002aa66d0 method=java.io.File.getName()Ljava/lang/String; @ 16
Event: 32.322 Thread 0x00000000165a3800 Uncommon trap: reason=class_check action=maybe_recompile pc=0x0000000002ade760 method=sun.misc.URLClassPath.getLoader(I)Lsun/misc/URLClassPath$Loader; @ 94
Event: 32.322 Thread 0x00000000165a3800 Uncommon trap: reason=class_check action=maybe_recompile pc=0x0000000002cbb3e4 method=sun.misc.URLClassPath.getResource(Ljava/lang/String;Z)Lsun/misc/Resource; @ 62
Event: 32.322 Thread 0x00000000165a3800 Uncommon trap: reason=unstable_if action=reinterpret pc=0x0000000002d395a8 method=java.lang.String.regionMatches(ZILjava/lang/String;II)Z @ 41
Event: 32.349 Thread 0x00000000165a3800 Uncommon trap: reason=unstable_if action=reinterpret pc=0x00000000028de434 method=java.lang.ClassLoader.getClassLoadingLock(Ljava/lang/String;)Ljava/lang/Object; @ 6
Event: 32.441 Thread 0x00000000165a3800 Uncommon trap: reason=class_check action=maybe_recompile pc=0x0000000002ade854 method=sun.misc.URLClassPath.getLoader(I)Lsun/misc/URLClassPath$Loader; @ 239
Event: 32.488 Thread 0x00000000165a3800 Uncommon trap: reason=class_check action=maybe_recompile pc=0x0000000002ade854 method=sun.misc.URLClassPath.getLoader(I)Lsun/misc/URLClassPath$Loader; @ 239
Event: 33.147 Thread 0x00000000165a3800 Uncommon trap: reason=class_check action=maybe_recompile pc=0x0000000002ade760 method=sun.misc.URLClassPath.getLoader(I)Lsun/misc/URLClassPath$Loader; @ 94
Event: 33.193 Thread 0x00000000165a3800 Uncommon trap: reason=class_check action=maybe_recompile pc=0x0000000002a69728 method=sun.misc.URLClassPath.getLoader(I)Lsun/misc/URLClassPath$Loader; @ 239

Classes redefined (0 events):
No events

Internal exceptions (10 events):
Event: 33.663 Thread 0x00000000165a3800 Exception <a 'java/lang/ClassNotFoundException': java/io/InputStreamReaderBeanInfo> (0x00000000f7e30068) thrown at [C:\re\workspace\8-2-build-windows-amd64-cygwin\jdk8u221\13320\hotspot\src\share\vm\classfile\systemDictionary.cpp, line 210]
Event: 33.664 Thread 0x00000000165a3800 Exception <a 'java/lang/ClassNotFoundException': java/io/ReaderBeanInfo> (0x00000000f7e33d80) thrown at [C:\re\workspace\8-2-build-windows-amd64-cygwin\jdk8u221\13320\hotspot\src\share\vm\classfile\systemDictionary.cpp, line 210]
Event: 33.665 Thread 0x00000000165a3800 Exception <a 'java/lang/ClassNotFoundException': java/io/ReaderCustomizer> (0x00000000f7e37b10) thrown at [C:\re\workspace\8-2-build-windows-amd64-cygwin\jdk8u221\13320\hotspot\src\share\vm\classfile\systemDictionary.cpp, line 210]
Event: 33.666 Thread 0x00000000165a3800 Exception <a 'java/lang/ClassNotFoundException': java/io/InputStreamReaderCustomizer> (0x00000000f7e405f0) thrown at [C:\re\workspace\8-2-build-windows-amd64-cygwin\jdk8u221\13320\hotspot\src\share\vm\classfile\systemDictionary.cpp, line 210]
Event: 33.682 Thread 0x00000000165a3800 Exception <a 'java/lang/ClassNotFoundException': java/io/BufferedReaderBeanInfo> (0x00000000f7e61ce8) thrown at [C:\re\workspace\8-2-build-windows-amd64-cygwin\jdk8u221\13320\hotspot\src\share\vm\classfile\systemDictionary.cpp, line 210]
Event: 33.683 Thread 0x00000000165a3800 Exception <a 'java/lang/ClassNotFoundException': java/io/BufferedReaderCustomizer> (0x00000000f7e65b40) thrown at [C:\re\workspace\8-2-build-windows-amd64-cygwin\jdk8u221\13320\hotspot\src\share\vm\classfile\systemDictionary.cpp, line 210]
Event: 33.695 Thread 0x00000000165a3800 Exception <a 'java/lang/ClassNotFoundException': java/lang/StringBufferBeanInfo> (0x00000000f7f77ae8) thrown at [C:\re\workspace\8-2-build-windows-amd64-cygwin\jdk8u221\13320\hotspot\src\share\vm\classfile\systemDictionary.cpp, line 210]
Event: 33.696 Thread 0x00000000165a3800 Exception <a 'java/lang/ClassNotFoundException': java/lang/AbstractStringBuilderBeanInfo> (0x00000000f7f7bae0) thrown at [C:\re\workspace\8-2-build-windows-amd64-cygwin\jdk8u221\13320\hotspot\src\share\vm\classfile\systemDictionary.cpp, line 210]
Event: 33.697 Thread 0x00000000165a3800 Exception <a 'java/lang/ClassNotFoundException': java/lang/AbstractStringBuilderCustomizer> (0x00000000f7f7fb10) thrown at [C:\re\workspace\8-2-build-windows-amd64-cygwin\jdk8u221\13320\hotspot\src\share\vm\classfile\systemDictionary.cpp, line 210]
Event: 33.711 Thread 0x00000000165a3800 Exception <a 'java/lang/ClassNotFoundException': java/lang/StringBufferCustomizer> (0x00000000f8023b08) thrown at [C:\re\workspace\8-2-build-windows-amd64-cygwin\jdk8u221\13320\hotspot\src\share\vm\classfile\systemDictionary.cpp, line 210]

Events (10 events):
Event: 33.696 loading class java/lang/AbstractStringBuilderCustomizer
Event: 33.696 loading class java/lang/AbstractStringBuilderCustomizer done
Event: 33.696 loading class java/lang/AbstractStringBuilderCustomizer
Event: 33.696 loading class java/lang/AbstractStringBuilderCustomizer done
Event: 33.710 loading class java/lang/StringBufferCustomizer
Event: 33.710 loading class java/lang/StringBufferCustomizer done
Event: 33.710 loading class java/lang/StringBufferCustomizer
Event: 33.710 loading class java/lang/StringBufferCustomizer done
Event: 33.728 loading class groovy/lang/GroovyRuntimeException
Event: 33.728 loading class groovy/lang/GroovyRuntimeException done


Dynamic libraries:
0x00007ff7ea500000 - 0x00007ff7ea537000 	C:\Program Files\Java\jdk1.8.0_221\bin\java.exe
0x00007ffc105a0000 - 0x00007ffc10790000 	C:\Windows\SYSTEM32\ntdll.dll
0x00007ffc0f1d0000 - 0x00007ffc0f282000 	C:\Windows\System32\KERNEL32.DLL
0x00007ffc0dd80000 - 0x00007ffc0e023000 	C:\Windows\System32\KERNELBASE.dll
0x00007ffc0e650000 - 0x00007ffc0e6f3000 	C:\Windows\System32\ADVAPI32.dll
0x00007ffc0f770000 - 0x00007ffc0f80e000 	C:\Windows\System32\msvcrt.dll
0x00007ffc0f290000 - 0x00007ffc0f327000 	C:\Windows\System32\sechost.dll
0x00007ffc10410000 - 0x00007ffc10530000 	C:\Windows\System32\RPCRT4.dll
0x00007ffc0ffc0000 - 0x00007ffc10154000 	C:\Windows\System32\USER32.dll
0x00007ffc0e380000 - 0x00007ffc0e3a1000 	C:\Windows\System32\win32u.dll
0x00007ffc0f1a0000 - 0x00007ffc0f1c6000 	C:\Windows\System32\GDI32.dll
0x00007ffc0e030000 - 0x00007ffc0e1c4000 	C:\Windows\System32\gdi32full.dll
0x00007ffc0e400000 - 0x00007ffc0e49e000 	C:\Windows\System32\msvcp_win.dll
0x00007ffc0e1d0000 - 0x00007ffc0e2ca000 	C:\Windows\System32\ucrtbase.dll
0x00007ffbfb710000 - 0x00007ffbfb995000 	C:\Windows\WinSxS\amd64_microsoft.windows.common-controls_6595b64144ccf1df_6.0.18362.476_none_e6c4b11b130f2595\COMCTL32.dll
0x00007ffc0f330000 - 0x00007ffc0f666000 	C:\Windows\System32\combase.dll
0x00007ffc0d530000 - 0x00007ffc0d5b0000 	C:\Windows\System32\bcryptPrimitives.dll
0x00007ffc10530000 - 0x00007ffc1055e000 	C:\Windows\System32\IMM32.DLL
0x000000005fab0000 - 0x000000005fb82000 	C:\Program Files\Java\jdk1.8.0_221\jre\bin\msvcr100.dll
0x000000005f200000 - 0x000000005faa5000 	C:\Program Files\Java\jdk1.8.0_221\jre\bin\server\jvm.dll
0x00007ffc0f670000 - 0x00007ffc0f678000 	C:\Windows\System32\PSAPI.DLL
0x00007ffc0acc0000 - 0x00007ffc0ace4000 	C:\Windows\SYSTEM32\WINMM.dll
0x00007ffbfd770000 - 0x00007ffbfd779000 	C:\Windows\SYSTEM32\WSOCK32.dll
0x00007ffc0e9e0000 - 0x00007ffc0ea4f000 	C:\Windows\System32\WS2_32.dll
0x00007ffc0bf90000 - 0x00007ffc0bf9a000 	C:\Windows\SYSTEM32\VERSION.dll
0x00007ffc0ac90000 - 0x00007ffc0acbd000 	C:\Windows\SYSTEM32\WINMMBASE.dll
0x00007ffc0d5b0000 - 0x00007ffc0d5fa000 	C:\Windows\System32\cfgmgr32.dll
0x00007ffc05930000 - 0x00007ffc0593f000 	C:\Program Files\Java\jdk1.8.0_221\jre\bin\verify.dll
0x00007ffc05900000 - 0x00007ffc05929000 	C:\Program Files\Java\jdk1.8.0_221\jre\bin\java.dll
0x00007ffc053c0000 - 0x00007ffc053d6000 	C:\Program Files\Java\jdk1.8.0_221\jre\bin\zip.dll
0x00007ffc0ea50000 - 0x00007ffc0f135000 	C:\Windows\System32\SHELL32.dll
0x00007ffc0f880000 - 0x00007ffc0f929000 	C:\Windows\System32\shcore.dll
0x00007ffc0d600000 - 0x00007ffc0dd7e000 	C:\Windows\System32\windows.storage.dll
0x00007ffc0d4a0000 - 0x00007ffc0d4bf000 	C:\Windows\System32\profapi.dll
0x00007ffc0d4c0000 - 0x00007ffc0d50a000 	C:\Windows\System32\powrprof.dll
0x00007ffc0d470000 - 0x00007ffc0d480000 	C:\Windows\System32\UMPDC.dll
0x00007ffc0e7d0000 - 0x00007ffc0e822000 	C:\Windows\System32\shlwapi.dll
0x00007ffc0d480000 - 0x00007ffc0d491000 	C:\Windows\System32\kernel.appcore.dll
0x00007ffc0e3e0000 - 0x00007ffc0e3f7000 	C:\Windows\System32\cryptsp.dll
0x00007ffc05210000 - 0x00007ffc0522a000 	C:\Program Files\Java\jdk1.8.0_221\jre\bin\net.dll
0x00007ffbffd90000 - 0x00007ffbfff66000 	C:\Windows\SYSTEM32\urlmon.dll
0x00007ffc00a00000 - 0x00007ffc00ca6000 	C:\Windows\SYSTEM32\iertutil.dll
0x00007ffc0ce50000 - 0x00007ffc0ce5c000 	C:\Windows\SYSTEM32\CRYPTBASE.DLL
0x00007ffc0cc80000 - 0x00007ffc0cce7000 	C:\Windows\system32\mswsock.dll
0x00007ffbfc940000 - 0x00007ffbfc952000 	C:\Program Files\Java\jdk1.8.0_221\jre\bin\nio.dll
0x00007ffc05960000 - 0x00007ffc05986000 	C:\Users\cabeca\.gradle\native\29\windows-amd64\native-platform.dll
0x00007ffc097e0000 - 0x00007ffc097ed000 	C:\Program Files\Java\jdk1.8.0_221\jre\bin\management.dll
0x00007ffc0c7f0000 - 0x00007ffc0c823000 	C:\Windows\system32\rsaenh.dll
0x00007ffc0e3b0000 - 0x00007ffc0e3d6000 	C:\Windows\System32\bcrypt.dll
0x00007ffc0d390000 - 0x00007ffc0d3b5000 	C:\Windows\SYSTEM32\USERENV.dll
0x00007ffc0c990000 - 0x00007ffc0c9ca000 	C:\Windows\SYSTEM32\IPHLPAPI.DLL
0x00007ffc0fa90000 - 0x00007ffc0fa98000 	C:\Windows\System32\NSI.dll
0x00007ffc03970000 - 0x00007ffc03986000 	C:\Windows\SYSTEM32\dhcpcsvc6.DLL
0x00007ffc05830000 - 0x00007ffc0584c000 	C:\Windows\SYSTEM32\dhcpcsvc.DLL
0x00007ffc0c9d0000 - 0x00007ffc0ca9a000 	C:\Windows\SYSTEM32\DNSAPI.dll

VM Arguments:
jvm_args: -XX:MaxMetaspaceSize=256m -XX:+HeapDumpOnOutOfMemoryError -Xms256m -Xmx512m -Dfile.encoding=windows-1252 -Duser.country=BR -Duser.language=pt -Duser.variant 
java_command: org.gradle.launcher.daemon.bootstrap.GradleDaemon 5.5
java_class_path (initial): C:\Users\cabeca\.gradle\wrapper\dists\gradle-5.5-all\byeise1led9a3w3p149d02kfj\gradle-5.5\lib\gradle-launcher-5.5.jar
Launcher Type: SUN_STANDARD

Environment Variables:
CLASSPATH=C:\Users\cabeca\insta\android\\gradle\wrapper\gradle-wrapper.jar
PATH=C:\Program Files (x86)\Common Files\Oracle\Java\javapath;C:\Python37\Scripts\;C:\Python37\;C:\Windows\system32;C:\Windows;C:\Windows\System32\Wbem;C:\Windows\System32\WindowsPowerShell\v1.0\;C:\Windows\System32\OpenSSH\;C:\ProgramData\chocolatey\bin;C:\Program Files\nodejs\;C:\Program Files\Git\cmd;C:\Program Files (x86)\Yarn\bin\;C:\Users\cabeca\AppData\Local\Microsoft\WindowsApps;C:\Users\cabeca\AppData\Roaming\npm;C:\Android\Sdk\platform-tools;C:\Android\Sdk\tools;C:\Users\cabeca\AppData\Local\Programs\Microsoft VS Code\bin;C:\Program Files\MongoDB\Server\4.2\bin;C:\Users\cabeca\AppData\Roaming\Spotify;C:\Users\cabeca\AppData\Local\insomnia;C:\Program Files\Robo 3T 1.3.1;C:\Program Files (x86)\Steam;C:\;C:\Users\cabeca\AppData\Local\GitHubDesktop\bin;C:\Program Files\Genymobile\Genymotion;C:\Users\cabeca\AppData\Local\Yarn\bin
USERNAME=cabeca
OS=Windows_NT
PROCESSOR_IDENTIFIER=Intel64 Family 6 Model 76 Stepping 4, GenuineIntel



---------------  S Y S T E M  ---------------

OS: Windows 10.0 , 64 bit Build 18362 (10.0.18362.329)

CPU:total 4 (initial active 4) (4 cores per cpu, 1 threads per core) family 6 model 76 stepping 4, cmov, cx8, fxsr, mmx, sse, sse2, sse3, ssse3, sse4.1, sse4.2, popcnt, aes, clmul, erms, 3dnowpref, tsc, tscinvbit

Memory: 4k page, physical 4033552k(720840k free), swap 4033552k(3100k free)

vm_info: Java HotSpot(TM) 64-Bit Server VM (25.221-b11) for windows-amd64 JRE (1.8.0_221-b11), built on Jul  4 2019 04:39:29 by "java_re" with MS VC++ 10.0 (VS2010)

time: Fri Dec 06 21:25:13 2019
timezone: Hora oficial do Brasil
elapsed time: 34 seconds (0d 0h 0m 34s)

